\BOOKMARK [0][-]{chapter.1}{Theorie}{}% 1
\BOOKMARK [1][-]{section.1.1}{Informele richtlijnen}{chapter.1}% 2
\BOOKMARK [1][-]{section.1.2}{Functionele afhankelijkheden \(functional dependencies\)}{chapter.1}% 3
\BOOKMARK [2][-]{subsection.1.2.1}{Afleidingsregels}{section.1.2}% 4
\BOOKMARK [1][-]{section.1.3}{Sleutels}{chapter.1}% 5
\BOOKMARK [1][-]{section.1.4}{Nulde normaalvorm: NF0}{chapter.1}% 6
\BOOKMARK [1][-]{section.1.5}{Eerste normaalvorm: NF1}{chapter.1}% 7
\BOOKMARK [1][-]{section.1.6}{Tweede normaalvorm: NF2}{chapter.1}% 8
\BOOKMARK [1][-]{section.1.7}{Derde normaalvorm: NF3}{chapter.1}% 9
\BOOKMARK [1][-]{section.1.8}{Boyce-Codd normaalvorm: BNCF}{chapter.1}% 10
\BOOKMARK [1][-]{section.1.9}{Vierde normaalvorm: NF4}{chapter.1}% 11
\BOOKMARK [1][-]{section.1.10}{Vijfde normaalvorm: NF5}{chapter.1}% 12
\BOOKMARK [0][-]{chapter.2}{Generisch}{}% 13
\BOOKMARK [1][-]{section.2.1}{Bepaal de sluiting van X onder F: XF+}{chapter.2}% 14
\BOOKMARK [2][-]{subsection.2.1.1}{Opgave}{section.2.1}% 15
\BOOKMARK [2][-]{subsection.2.1.2}{Antwoord}{section.2.1}% 16
\BOOKMARK [0][-]{chapter.3}{Voorbeeld}{}% 17
\BOOKMARK [1][-]{section.3.1}{Bepaal de sluiting van X onder F: XF+}{chapter.3}% 18
\BOOKMARK [2][-]{subsection.3.1.1}{Opgave}{section.3.1}% 19
\BOOKMARK [2][-]{subsection.3.1.2}{Antwoord}{section.3.1}% 20
