This is pdfTeX, Version 3.1415926-2.5-1.40.14 (TeX Live 2013/Arch Linux) (format=pdflatex 2014.3.13)  3 JUN 2014 03:24
entering extended mode
 restricted \write18 enabled.
 %&-line parsing enabled.
**normaalvormen.tex
(./normaalvormen.tex
LaTeX2e <2011/06/27>
Babel <3.9h> and hyphenation patterns for 78 languages loaded.
(/usr/share/texmf-dist/tex/latex/base/report.cls
Document Class: report 2007/10/19 v1.4h Standard LaTeX document class
(/usr/share/texmf-dist/tex/latex/base/size10.clo
File: size10.clo 2007/10/19 v1.4h Standard LaTeX file (size option)
)
\c@part=\count79
\c@chapter=\count80
\c@section=\count81
\c@subsection=\count82
\c@subsubsection=\count83
\c@paragraph=\count84
\c@subparagraph=\count85
\c@figure=\count86
\c@table=\count87
\abovecaptionskip=\skip41
\belowcaptionskip=\skip42
\bibindent=\dimen102
)
(/usr/share/texmf-dist/tex/latex/base/inputenc.sty
Package: inputenc 2008/03/30 v1.1d Input encoding file
\inpenc@prehook=\toks14
\inpenc@posthook=\toks15

(/usr/share/texmf-dist/tex/latex/base/latin1.def
File: latin1.def 2008/03/30 v1.1d Input encoding file
))
(/usr/share/texmf-dist/tex/generic/babel/babel.sty
Package: babel 2013/12/03 3.9h The Babel package

(/usr/share/texmf-dist/tex/generic/babel-dutch/dutch.ldf
Language: dutch 2005/03/30 v3.8i Dutch support from the babel system

(/usr/share/texmf-dist/tex/generic/babel/babel.def
File: babel.def 2013/12/03 3.9h Babel common definitions
\babel@savecnt=\count88
\U@D=\dimen103
)
Package babel Info: Making " an active character on input line 132.
)) (./packages.tex
(/usr/share/texmf/tex/latex/subfiles.sty
Package: subfiles 2012/05/23 Federico Garcia

(/usr/share/texmf-dist/tex/latex/tools/verbatim.sty
Package: verbatim 2003/08/22 v1.5q LaTeX2e package for verbatim enhancements
\every@verbatim=\toks16
\verbatim@line=\toks17
\verbatim@in@stream=\read1
))
(/usr/share/texmf-dist/tex/latex/algorithm2e/algorithm2e.sty
Package: algorithm2e 2013/01/06 v5.00 algorithms environments
\c@AlgoLine=\count89

(/usr/share/texmf-dist/tex/latex/base/ifthen.sty
Package: ifthen 2001/05/26 v1.1c Standard LaTeX ifthen package (DPC)
)
(/usr/share/texmf-dist/tex/latex/tools/xspace.sty
Package: xspace 2009/10/20 v1.13 Space after command names (DPC,MH)
)
(/usr/share/texmf-dist/tex/latex/relsize/relsize.sty
Package: relsize 2013/03/29 ver 4.1
)
********************************************************
Package `algorithm2e' Release 5.0 -- january 06 2013 --
- algorithm2e-announce@lirmm.fr mailing list for announcement about releases
- algorithm2e-discussion@lirmm.fr mailing list for discussion about package
subscribe by emailing sympa@lirmm.fr with 'subscribe <list> <firstname name>'
- Author: Christophe Fiorio (cfiorio@um2.fr)
********************************************************
\skiptotal=\skip43
\skiplinenumber=\skip44
\skiprule=\skip45
\skiphlne=\skip46
\skiptext=\skip47
\skiplength=\skip48
\algomargin=\skip49
\skipalgocfslide=\skip50
\algowidth=\dimen104
\inoutsize=\dimen105
\inoutindent=\dimen106
\interspacetitleruled=\dimen107
\interspacealgoruled=\dimen108
\interspacetitleboxruled=\dimen109
\algocf@inoutbox=\box26
\algocf@inputbox=\box27
\AlCapSkip=\skip51
\AlCapHSkip=\skip52
\algoskipindent=\skip53
\algocf@nlbox=\box28
\algocf@hangingbox=\box29
\algocf@untilbox=\box30
\algocf@skipuntil=\skip54
\algocf@capbox=\box31
\algoheightruledefault=\skip55
\algoheightrule=\skip56
\algotitleheightruledefault=\skip57
\algotitleheightrule=\skip58
\c@algocfline=\count90
\c@algocfproc=\count91
\c@algocf=\count92
\algocf@algoframe=\box32
\algocf@algobox=\box33
) (/usr/share/texmf-dist/tex/latex/todonotes/todonotes.sty
Package: todonotes 2012/07/25 .dtx Todonotes source and documentation.
Package: todonotes 2012/07/25

(/usr/share/texmf-dist/tex/latex/xkeyval/xkeyval.sty
Package: xkeyval 2012/10/14 v2.6b package option processing (HA)

(/usr/share/texmf-dist/tex/generic/xkeyval/xkeyval.tex
\XKV@toks=\toks18
\XKV@tempa@toks=\toks19
\XKV@depth=\count93
File: xkeyval.tex 2012/10/14 v2.6b key=value parser (HA)

(/usr/share/texmf-dist/tex/generic/xkeyval/keyval.tex)))
(/usr/share/texmf-dist/tex/latex/xcolor/xcolor.sty
Package: xcolor 2007/01/21 v2.11 LaTeX color extensions (UK)

(/usr/share/texmf-dist/tex/latex/latexconfig/color.cfg
File: color.cfg 2007/01/18 v1.5 color configuration of teTeX/TeXLive
)
Package xcolor Info: Driver file: pdftex.def on input line 225.

(/usr/share/texmf-dist/tex/latex/pdftex-def/pdftex.def
File: pdftex.def 2011/05/27 v0.06d Graphics/color for pdfTeX

(/usr/share/texmf-dist/tex/generic/oberdiek/infwarerr.sty
Package: infwarerr 2010/04/08 v1.3 Providing info/warning/error messages (HO)
)
(/usr/share/texmf-dist/tex/generic/oberdiek/ltxcmds.sty
Package: ltxcmds 2011/11/09 v1.22 LaTeX kernel commands for general use (HO)
)
\Gread@gobject=\count94
)
Package xcolor Info: Model `cmy' substituted by `cmy0' on input line 1337.
Package xcolor Info: Model `hsb' substituted by `rgb' on input line 1341.
Package xcolor Info: Model `RGB' extended on input line 1353.
Package xcolor Info: Model `HTML' substituted by `rgb' on input line 1355.
Package xcolor Info: Model `Hsb' substituted by `hsb' on input line 1356.
Package xcolor Info: Model `tHsb' substituted by `hsb' on input line 1357.
Package xcolor Info: Model `HSB' substituted by `hsb' on input line 1358.
Package xcolor Info: Model `Gray' substituted by `gray' on input line 1359.
Package xcolor Info: Model `wave' substituted by `hsb' on input line 1360.
)
(/usr/share/texmf-dist/tex/latex/pgf/frontendlayer/tikz.sty
(/usr/share/texmf-dist/tex/latex/pgf/basiclayer/pgf.sty
(/usr/share/texmf-dist/tex/latex/pgf/utilities/pgfrcs.sty
(/usr/share/texmf-dist/tex/generic/pgf/utilities/pgfutil-common.tex
\pgfutil@everybye=\toks20
\pgfutil@tempdima=\dimen110
\pgfutil@tempdimb=\dimen111

(/usr/share/texmf-dist/tex/generic/pgf/utilities/pgfutil-common-lists.tex))
(/usr/share/texmf-dist/tex/generic/pgf/utilities/pgfutil-latex.def
\pgfutil@abb=\box34

(/usr/share/texmf-dist/tex/latex/ms/everyshi.sty
Package: everyshi 2001/05/15 v3.00 EveryShipout Package (MS)
))
(/usr/share/texmf-dist/tex/generic/pgf/utilities/pgfrcs.code.tex
Package: pgfrcs 2013/12/20 v3.0.0 (rcs-revision 1.28)
))
Package: pgf 2013/12/18 v3.0.0 (rcs-revision 1.14)

(/usr/share/texmf-dist/tex/latex/pgf/basiclayer/pgfcore.sty
(/usr/share/texmf-dist/tex/latex/graphics/graphicx.sty
Package: graphicx 1999/02/16 v1.0f Enhanced LaTeX Graphics (DPC,SPQR)

(/usr/share/texmf-dist/tex/latex/graphics/graphics.sty
Package: graphics 2009/02/05 v1.0o Standard LaTeX Graphics (DPC,SPQR)

(/usr/share/texmf-dist/tex/latex/graphics/trig.sty
Package: trig 1999/03/16 v1.09 sin cos tan (DPC)
)
(/usr/share/texmf-dist/tex/latex/latexconfig/graphics.cfg
File: graphics.cfg 2010/04/23 v1.9 graphics configuration of TeX Live
)
Package graphics Info: Driver file: pdftex.def on input line 91.
)
\Gin@req@height=\dimen112
\Gin@req@width=\dimen113
)
(/usr/share/texmf-dist/tex/latex/pgf/systemlayer/pgfsys.sty
(/usr/share/texmf-dist/tex/generic/pgf/systemlayer/pgfsys.code.tex
Package: pgfsys 2013/11/30 v3.0.0 (rcs-revision 1.47)

(/usr/share/texmf-dist/tex/generic/pgf/utilities/pgfkeys.code.tex
\pgfkeys@pathtoks=\toks21
\pgfkeys@temptoks=\toks22

(/usr/share/texmf-dist/tex/generic/pgf/utilities/pgfkeysfiltered.code.tex
\pgfkeys@tmptoks=\toks23
))
\pgf@x=\dimen114
\pgf@y=\dimen115
\pgf@xa=\dimen116
\pgf@ya=\dimen117
\pgf@xb=\dimen118
\pgf@yb=\dimen119
\pgf@xc=\dimen120
\pgf@yc=\dimen121
\w@pgf@writea=\write3
\r@pgf@reada=\read2
\c@pgf@counta=\count95
\c@pgf@countb=\count96
\c@pgf@countc=\count97
\c@pgf@countd=\count98
\t@pgf@toka=\toks24
\t@pgf@tokb=\toks25
\t@pgf@tokc=\toks26

(/usr/share/texmf-dist/tex/generic/pgf/systemlayer/pgf.cfg
File: pgf.cfg 2008/05/14  (rcs-revision 1.7)
)
Driver file for pgf: pgfsys-pdftex.def

(/usr/share/texmf-dist/tex/generic/pgf/systemlayer/pgfsys-pdftex.def
File: pgfsys-pdftex.def 2013/07/18  (rcs-revision 1.33)

(/usr/share/texmf-dist/tex/generic/pgf/systemlayer/pgfsys-common-pdf.def
File: pgfsys-common-pdf.def 2013/10/10  (rcs-revision 1.13)
)))
(/usr/share/texmf-dist/tex/generic/pgf/systemlayer/pgfsyssoftpath.code.tex
File: pgfsyssoftpath.code.tex 2013/09/09  (rcs-revision 1.9)
\pgfsyssoftpath@smallbuffer@items=\count99
\pgfsyssoftpath@bigbuffer@items=\count100
)
(/usr/share/texmf-dist/tex/generic/pgf/systemlayer/pgfsysprotocol.code.tex
File: pgfsysprotocol.code.tex 2006/10/16  (rcs-revision 1.4)
))
(/usr/share/texmf-dist/tex/generic/pgf/basiclayer/pgfcore.code.tex
Package: pgfcore 2010/04/11 v3.0.0 (rcs-revision 1.7)

(/usr/share/texmf-dist/tex/generic/pgf/math/pgfmath.code.tex
(/usr/share/texmf-dist/tex/generic/pgf/math/pgfmathcalc.code.tex
(/usr/share/texmf-dist/tex/generic/pgf/math/pgfmathutil.code.tex)
(/usr/share/texmf-dist/tex/generic/pgf/math/pgfmathparser.code.tex
\pgfmath@dimen=\dimen122
\pgfmath@count=\count101
\pgfmath@box=\box35
\pgfmath@toks=\toks27
\pgfmath@stack@operand=\toks28
\pgfmath@stack@operation=\toks29
)
(/usr/share/texmf-dist/tex/generic/pgf/math/pgfmathfunctions.code.tex
(/usr/share/texmf-dist/tex/generic/pgf/math/pgfmathfunctions.basic.code.tex)
(/usr/share/texmf-dist/tex/generic/pgf/math/pgfmathfunctions.trigonometric.code
.tex)
(/usr/share/texmf-dist/tex/generic/pgf/math/pgfmathfunctions.random.code.tex)
(/usr/share/texmf-dist/tex/generic/pgf/math/pgfmathfunctions.comparison.code.te
x) (/usr/share/texmf-dist/tex/generic/pgf/math/pgfmathfunctions.base.code.tex)
(/usr/share/texmf-dist/tex/generic/pgf/math/pgfmathfunctions.round.code.tex)
(/usr/share/texmf-dist/tex/generic/pgf/math/pgfmathfunctions.misc.code.tex)
(/usr/share/texmf-dist/tex/generic/pgf/math/pgfmathfunctions.integerarithmetics
.code.tex))) (/usr/share/texmf-dist/tex/generic/pgf/math/pgfmathfloat.code.tex
\c@pgfmathroundto@lastzeros=\count102
)) (/usr/share/texmf-dist/tex/generic/pgf/basiclayer/pgfcorepoints.code.tex
File: pgfcorepoints.code.tex 2013/10/07  (rcs-revision 1.27)
\pgf@picminx=\dimen123
\pgf@picmaxx=\dimen124
\pgf@picminy=\dimen125
\pgf@picmaxy=\dimen126
\pgf@pathminx=\dimen127
\pgf@pathmaxx=\dimen128
\pgf@pathminy=\dimen129
\pgf@pathmaxy=\dimen130
\pgf@xx=\dimen131
\pgf@xy=\dimen132
\pgf@yx=\dimen133
\pgf@yy=\dimen134
\pgf@zx=\dimen135
\pgf@zy=\dimen136
)
(/usr/share/texmf-dist/tex/generic/pgf/basiclayer/pgfcorepathconstruct.code.tex
File: pgfcorepathconstruct.code.tex 2013/10/07  (rcs-revision 1.29)
\pgf@path@lastx=\dimen137
\pgf@path@lasty=\dimen138
) (/usr/share/texmf-dist/tex/generic/pgf/basiclayer/pgfcorepathusage.code.tex
File: pgfcorepathusage.code.tex 2013/12/13  (rcs-revision 1.23)
\pgf@shorten@end@additional=\dimen139
\pgf@shorten@start@additional=\dimen140
)
(/usr/share/texmf-dist/tex/generic/pgf/basiclayer/pgfcorescopes.code.tex
File: pgfcorescopes.code.tex 2013/10/09  (rcs-revision 1.44)
\pgfpic=\box36
\pgf@hbox=\box37
\pgf@layerbox@main=\box38
\pgf@picture@serial@count=\count103
)
(/usr/share/texmf-dist/tex/generic/pgf/basiclayer/pgfcoregraphicstate.code.tex
File: pgfcoregraphicstate.code.tex 2013/09/19  (rcs-revision 1.11)
\pgflinewidth=\dimen141
)
(/usr/share/texmf-dist/tex/generic/pgf/basiclayer/pgfcoretransformations.code.t
ex
File: pgfcoretransformations.code.tex 2013/10/10  (rcs-revision 1.17)
\pgf@pt@x=\dimen142
\pgf@pt@y=\dimen143
\pgf@pt@temp=\dimen144
) (/usr/share/texmf-dist/tex/generic/pgf/basiclayer/pgfcorequick.code.tex
File: pgfcorequick.code.tex 2008/10/09  (rcs-revision 1.3)
)
(/usr/share/texmf-dist/tex/generic/pgf/basiclayer/pgfcoreobjects.code.tex
File: pgfcoreobjects.code.tex 2006/10/11  (rcs-revision 1.2)
)
(/usr/share/texmf-dist/tex/generic/pgf/basiclayer/pgfcorepathprocessing.code.te
x
File: pgfcorepathprocessing.code.tex 2013/09/09  (rcs-revision 1.9)
) (/usr/share/texmf-dist/tex/generic/pgf/basiclayer/pgfcorearrows.code.tex
File: pgfcorearrows.code.tex 2013/11/07  (rcs-revision 1.40)
\pgfarrowsep=\dimen145
)
(/usr/share/texmf-dist/tex/generic/pgf/basiclayer/pgfcoreshade.code.tex
File: pgfcoreshade.code.tex 2013/07/15  (rcs-revision 1.15)
\pgf@max=\dimen146
\pgf@sys@shading@range@num=\count104
)
(/usr/share/texmf-dist/tex/generic/pgf/basiclayer/pgfcoreimage.code.tex
File: pgfcoreimage.code.tex 2013/07/15  (rcs-revision 1.18)

(/usr/share/texmf-dist/tex/generic/pgf/basiclayer/pgfcoreexternal.code.tex
File: pgfcoreexternal.code.tex 2013/07/15  (rcs-revision 1.20)
\pgfexternal@startupbox=\box39
))
(/usr/share/texmf-dist/tex/generic/pgf/basiclayer/pgfcorelayers.code.tex
File: pgfcorelayers.code.tex 2013/07/18  (rcs-revision 1.7)
)
(/usr/share/texmf-dist/tex/generic/pgf/basiclayer/pgfcoretransparency.code.tex
File: pgfcoretransparency.code.tex 2013/09/30  (rcs-revision 1.5)
) (/usr/share/texmf-dist/tex/generic/pgf/basiclayer/pgfcorepatterns.code.tex
File: pgfcorepatterns.code.tex 2013/11/07  (rcs-revision 1.5)
)))
(/usr/share/texmf-dist/tex/generic/pgf/modules/pgfmoduleshapes.code.tex
File: pgfmoduleshapes.code.tex 2013/10/31  (rcs-revision 1.34)
\pgfnodeparttextbox=\box40
)
(/usr/share/texmf-dist/tex/generic/pgf/modules/pgfmoduleplot.code.tex
File: pgfmoduleplot.code.tex 2013/07/31  (rcs-revision 1.12)
)
(/usr/share/texmf-dist/tex/latex/pgf/compatibility/pgfcomp-version-0-65.sty
Package: pgfcomp-version-0-65 2007/07/03 v3.0.0 (rcs-revision 1.7)
\pgf@nodesepstart=\dimen147
\pgf@nodesepend=\dimen148
)
(/usr/share/texmf-dist/tex/latex/pgf/compatibility/pgfcomp-version-1-18.sty
Package: pgfcomp-version-1-18 2007/07/23 v3.0.0 (rcs-revision 1.1)
))
(/usr/share/texmf-dist/tex/latex/pgf/utilities/pgffor.sty
(/usr/share/texmf-dist/tex/latex/pgf/utilities/pgfkeys.sty
(/usr/share/texmf-dist/tex/generic/pgf/utilities/pgfkeys.code.tex))
(/usr/share/texmf-dist/tex/latex/pgf/math/pgfmath.sty
(/usr/share/texmf-dist/tex/generic/pgf/math/pgfmath.code.tex))
(/usr/share/texmf-dist/tex/generic/pgf/utilities/pgffor.code.tex
Package: pgffor 2013/12/13 v3.0.0 (rcs-revision 1.25)

(/usr/share/texmf-dist/tex/generic/pgf/math/pgfmath.code.tex)
\pgffor@iter=\dimen149
\pgffor@skip=\dimen150
\pgffor@stack=\toks30
\pgffor@toks=\toks31
))
(/usr/share/texmf-dist/tex/generic/pgf/frontendlayer/tikz/tikz.code.tex
Package: tikz 2013/12/13 v3.0.0 (rcs-revision 1.142)

(/usr/share/texmf-dist/tex/generic/pgf/libraries/pgflibraryplothandlers.code.te
x
File: pgflibraryplothandlers.code.tex 2013/08/31 v3.0.0 (rcs-revision 1.20)
\pgf@plot@mark@count=\count105
\pgfplotmarksize=\dimen151
)
\tikz@lastx=\dimen152
\tikz@lasty=\dimen153
\tikz@lastxsaved=\dimen154
\tikz@lastysaved=\dimen155
\tikzleveldistance=\dimen156
\tikzsiblingdistance=\dimen157
\tikz@figbox=\box41
\tikz@figbox@bg=\box42
\tikz@tempbox=\box43
\tikz@tempbox@bg=\box44
\tikztreelevel=\count106
\tikznumberofchildren=\count107
\tikznumberofcurrentchild=\count108
\tikz@fig@count=\count109
 (/usr/share/texmf-dist/tex/generic/pgf/modules/pgfmodulematrix.code.tex
File: pgfmodulematrix.code.tex 2013/09/17  (rcs-revision 1.8)
\pgfmatrixcurrentrow=\count110
\pgfmatrixcurrentcolumn=\count111
\pgf@matrix@numberofcolumns=\count112
)
\tikz@expandcount=\count113

(/usr/share/texmf-dist/tex/generic/pgf/frontendlayer/tikz/libraries/tikzlibrary
topaths.code.tex
File: tikzlibrarytopaths.code.tex 2008/06/17 v3.0.0 (rcs-revision 1.2)
)))
(/usr/share/texmf-dist/tex/generic/pgf/frontendlayer/tikz/libraries/tikzlibrary
positioning.code.tex
File: tikzlibrarypositioning.code.tex 2008/10/06 v3.0.0 (rcs-revision 1.7)
) (/usr/share/texmf-dist/tex/latex/tools/calc.sty
Package: calc 2007/08/22 v4.3 Infix arithmetic (KKT,FJ)
\calc@Acount=\count114
\calc@Bcount=\count115
\calc@Adimen=\dimen158
\calc@Bdimen=\dimen159
\calc@Askip=\skip59
\calc@Bskip=\skip60
LaTeX Info: Redefining \setlength on input line 76.
LaTeX Info: Redefining \addtolength on input line 77.
\calc@Ccount=\count116
\calc@Cskip=\skip61
)
\c@@todonotes@numberoftodonotes=\count117
)
(/usr/share/texmf-dist/tex/latex/amsmath/amsmath.sty
Package: amsmath 2013/01/14 v2.14 AMS math features
\@mathmargin=\skip62

For additional information on amsmath, use the `?' option.
(/usr/share/texmf-dist/tex/latex/amsmath/amstext.sty
Package: amstext 2000/06/29 v2.01

(/usr/share/texmf-dist/tex/latex/amsmath/amsgen.sty
File: amsgen.sty 1999/11/30 v2.0
\@emptytoks=\toks32
\ex@=\dimen160
))
(/usr/share/texmf-dist/tex/latex/amsmath/amsbsy.sty
Package: amsbsy 1999/11/29 v1.2d
\pmbraise@=\dimen161
)
(/usr/share/texmf-dist/tex/latex/amsmath/amsopn.sty
Package: amsopn 1999/12/14 v2.01 operator names
)
\inf@bad=\count118
LaTeX Info: Redefining \frac on input line 210.
\uproot@=\count119
\leftroot@=\count120
LaTeX Info: Redefining \overline on input line 306.
\classnum@=\count121
\DOTSCASE@=\count122
LaTeX Info: Redefining \ldots on input line 378.
LaTeX Info: Redefining \dots on input line 381.
LaTeX Info: Redefining \cdots on input line 466.
\Mathstrutbox@=\box45
\strutbox@=\box46
\big@size=\dimen162
LaTeX Font Info:    Redeclaring font encoding OML on input line 566.
LaTeX Font Info:    Redeclaring font encoding OMS on input line 567.
\macc@depth=\count123
\c@MaxMatrixCols=\count124
\dotsspace@=\muskip10
\c@parentequation=\count125
\dspbrk@lvl=\count126
\tag@help=\toks33
\row@=\count127
\column@=\count128
\maxfields@=\count129
\andhelp@=\toks34
\eqnshift@=\dimen163
\alignsep@=\dimen164
\tagshift@=\dimen165
\tagwidth@=\dimen166
\totwidth@=\dimen167
\lineht@=\dimen168
\@envbody=\toks35
\multlinegap=\skip63
\multlinetaggap=\skip64
\mathdisplay@stack=\toks36
LaTeX Info: Redefining \[ on input line 2665.
LaTeX Info: Redefining \] on input line 2666.
)
(/usr/share/texmf-dist/tex/latex/amsfonts/amsfonts.sty
Package: amsfonts 2013/01/14 v3.01 Basic AMSFonts support
\symAMSa=\mathgroup4
\symAMSb=\mathgroup5
LaTeX Font Info:    Overwriting math alphabet `\mathfrak' in version `bold'
(Font)                  U/euf/m/n --> U/euf/b/n on input line 106.
)
(/usr/share/texmf-dist/tex/latex/amsfonts/amssymb.sty
Package: amssymb 2013/01/14 v3.01 AMS font symbols
)
(/usr/share/texmf-dist/tex/latex/amscls/amsthm.sty
Package: amsthm 2004/08/06 v2.20
\thm@style=\toks37
\thm@bodyfont=\toks38
\thm@headfont=\toks39
\thm@notefont=\toks40
\thm@headpunct=\toks41
\thm@preskip=\skip65
\thm@postskip=\skip66
\thm@headsep=\skip67
\dth@everypar=\toks42
)
(/usr/share/texmf-dist/tex/latex/hyperref/hyperref.sty
Package: hyperref 2012/11/06 v6.83m Hypertext links for LaTeX

(/usr/share/texmf-dist/tex/generic/oberdiek/hobsub-hyperref.sty
Package: hobsub-hyperref 2012/05/28 v1.13 Bundle oberdiek, subset hyperref (HO)


(/usr/share/texmf-dist/tex/generic/oberdiek/hobsub-generic.sty
Package: hobsub-generic 2012/05/28 v1.13 Bundle oberdiek, subset generic (HO)
Package: hobsub 2012/05/28 v1.13 Construct package bundles (HO)
Package hobsub Info: Skipping package `infwarerr' (already loaded).
Package hobsub Info: Skipping package `ltxcmds' (already loaded).
Package: ifluatex 2010/03/01 v1.3 Provides the ifluatex switch (HO)
Package ifluatex Info: LuaTeX not detected.
Package: ifvtex 2010/03/01 v1.5 Detect VTeX and its facilities (HO)
Package ifvtex Info: VTeX not detected.
Package: intcalc 2007/09/27 v1.1 Expandable calculations with integers (HO)
Package: ifpdf 2011/01/30 v2.3 Provides the ifpdf switch (HO)
Package ifpdf Info: pdfTeX in PDF mode is detected.
Package: etexcmds 2011/02/16 v1.5 Avoid name clashes with e-TeX commands (HO)
Package etexcmds Info: Could not find \expanded.
(etexcmds)             That can mean that you are not using pdfTeX 1.50 or
(etexcmds)             that some package has redefined \expanded.
(etexcmds)             In the latter case, load this package earlier.
Package: kvsetkeys 2012/04/25 v1.16 Key value parser (HO)
Package: kvdefinekeys 2011/04/07 v1.3 Define keys (HO)
Package: pdftexcmds 2011/11/29 v0.20 Utility functions of pdfTeX for LuaTeX (HO
)
Package pdftexcmds Info: LuaTeX not detected.
Package pdftexcmds Info: \pdf@primitive is available.
Package pdftexcmds Info: \pdf@ifprimitive is available.
Package pdftexcmds Info: \pdfdraftmode found.
Package: pdfescape 2011/11/25 v1.13 Implements pdfTeX's escape features (HO)
Package: bigintcalc 2012/04/08 v1.3 Expandable calculations on big integers (HO
)
Package: bitset 2011/01/30 v1.1 Handle bit-vector datatype (HO)
Package: uniquecounter 2011/01/30 v1.2 Provide unlimited unique counter (HO)
)
Package hobsub Info: Skipping package `hobsub' (already loaded).
Package: letltxmacro 2010/09/02 v1.4 Let assignment for LaTeX macros (HO)
Package: hopatch 2012/05/28 v1.2 Wrapper for package hooks (HO)
Package: xcolor-patch 2011/01/30 xcolor patch
Package: atveryend 2011/06/30 v1.8 Hooks at the very end of document (HO)
Package atveryend Info: \enddocument detected (standard20110627).
Package: atbegshi 2011/10/05 v1.16 At begin shipout hook (HO)
Package: refcount 2011/10/16 v3.4 Data extraction from label references (HO)
Package: hycolor 2011/01/30 v1.7 Color options for hyperref/bookmark (HO)
)
(/usr/share/texmf-dist/tex/generic/ifxetex/ifxetex.sty
Package: ifxetex 2010/09/12 v0.6 Provides ifxetex conditional
)
(/usr/share/texmf-dist/tex/latex/oberdiek/auxhook.sty
Package: auxhook 2011/03/04 v1.3 Hooks for auxiliary files (HO)
)
(/usr/share/texmf-dist/tex/latex/oberdiek/kvoptions.sty
Package: kvoptions 2011/06/30 v3.11 Key value format for package options (HO)
)
\@linkdim=\dimen169
\Hy@linkcounter=\count130
\Hy@pagecounter=\count131

(/usr/share/texmf-dist/tex/latex/hyperref/pd1enc.def
File: pd1enc.def 2012/11/06 v6.83m Hyperref: PDFDocEncoding definition (HO)
)
\Hy@SavedSpaceFactor=\count132

(/usr/share/texmf-dist/tex/latex/latexconfig/hyperref.cfg
File: hyperref.cfg 2002/06/06 v1.2 hyperref configuration of TeXLive
)
Package hyperref Info: Hyper figures OFF on input line 4443.
Package hyperref Info: Link nesting OFF on input line 4448.
Package hyperref Info: Hyper index ON on input line 4451.
Package hyperref Info: Plain pages OFF on input line 4458.
Package hyperref Info: Backreferencing OFF on input line 4463.
Package hyperref Info: Implicit mode ON; LaTeX internals redefined.
Package hyperref Info: Bookmarks ON on input line 4688.
\c@Hy@tempcnt=\count133

(/usr/share/texmf-dist/tex/latex/url/url.sty
\Urlmuskip=\muskip11
Package: url 2013/09/16  ver 3.4  Verb mode for urls, etc.
)
LaTeX Info: Redefining \url on input line 5041.
\XeTeXLinkMargin=\dimen170
\Fld@menulength=\count134
\Field@Width=\dimen171
\Fld@charsize=\dimen172
Package hyperref Info: Hyper figures OFF on input line 6295.
Package hyperref Info: Link nesting OFF on input line 6300.
Package hyperref Info: Hyper index ON on input line 6303.
Package hyperref Info: backreferencing OFF on input line 6310.
Package hyperref Info: Link coloring OFF on input line 6315.
Package hyperref Info: Link coloring with OCG OFF on input line 6320.
Package hyperref Info: PDF/A mode OFF on input line 6325.
LaTeX Info: Redefining \ref on input line 6365.
LaTeX Info: Redefining \pageref on input line 6369.
\Hy@abspage=\count135
\c@Item=\count136
\c@Hfootnote=\count137
)

Package hyperref Message: Driver (autodetected): hpdftex.

(/usr/share/texmf-dist/tex/latex/hyperref/hpdftex.def
File: hpdftex.def 2012/11/06 v6.83m Hyperref driver for pdfTeX
\Fld@listcount=\count138
\c@bookmark@seq@number=\count139

(/usr/share/texmf-dist/tex/latex/oberdiek/rerunfilecheck.sty
Package: rerunfilecheck 2011/04/15 v1.7 Rerun checks for auxiliary files (HO)
Package uniquecounter Info: New unique counter `rerunfilecheck' on input line 2
82.
)
\Hy@SectionHShift=\skip68
)
(/usr/share/texmf-dist/tex/latex/svg/svg.sty
Package: svg 2012/09/05 v1.0 SVG inclusion and extraction

(/usr/share/texmf-dist/tex/latex/subfig/subfig.sty
Package: subfig 2005/06/28 ver: 1.3 subfig package

(/usr/share/texmf-dist/tex/latex/caption/caption.sty
Package: caption 2013/05/02 v3.3-89 Customizing captions (AR)

(/usr/share/texmf-dist/tex/latex/caption/caption3.sty
Package: caption3 2013/05/02 v1.6-88 caption3 kernel (AR)
Package caption3 Info: TeX engine: e-TeX on input line 57.
\captionmargin=\dimen173
\captionmargin@=\dimen174
\captionwidth=\dimen175
\caption@tempdima=\dimen176
\caption@indent=\dimen177
\caption@parindent=\dimen178
\caption@hangindent=\dimen179
)
\c@ContinuedFloat=\count140
Package caption Info: hyperref package is loaded.
)
\c@KVtest=\count141
\sf@farskip=\skip69
\sf@captopadj=\dimen180
\sf@capskip=\skip70
\sf@nearskip=\skip71
\c@subfigure=\count142
\c@subfigure@save=\count143
\c@lofdepth=\count144
\c@subtable=\count145
\c@subtable@save=\count146
\c@lotdepth=\count147
\sf@top=\skip72
\sf@bottom=\skip73
)
(/usr/share/texmf-dist/tex/latex/import/import.sty
Package: import 2009/03/23  v 5.1
)
(/usr/share/texmf-dist/tex/latex/oberdiek/transparent.sty
Package: transparent 2007/01/08 v1.0 Transparency via pdfTeX's color stack (HO)

)
\SVG@out@width=\skip74
\SVG@out@height=\skip75
\c@svgfigure=\count148
)
(/usr/share/texmf-dist/tex/latex/lastpage/lastpage.sty
Package: lastpage 2013/01/28 v1.2l Refers to last page's name (HMM; JPG)
)
(/usr/share/texmf-dist/tex/latex/tools/afterpage.sty
Package: afterpage 1995/10/27 v1.08 After-Page Package (DPC)
\AP@output=\toks43
\AP@partial=\box47
\AP@footins=\box48
)
(/usr/share/texmf-dist/tex/generic/pgf/frontendlayer/tikz/libraries/tikzlibrary
decorations.code.tex
(/usr/share/texmf-dist/tex/generic/pgf/modules/pgfmoduledecorations.code.tex
\pgfdecoratedcompleteddistance=\dimen181
\pgfdecoratedremainingdistance=\dimen182
\pgfdecoratedinputsegmentcompleteddistance=\dimen183
\pgfdecoratedinputsegmentremainingdistance=\dimen184
\pgf@decorate@distancetomove=\dimen185
\pgf@decorate@repeatstate=\count149
\pgfdecorationsegmentamplitude=\dimen186
\pgfdecorationsegmentlength=\dimen187
)
\tikz@lib@dec@box=\box49
)
(/usr/share/texmf-dist/tex/generic/pgf/frontendlayer/tikz/libraries/tikzlibrary
calc.code.tex
File: tikzlibrarycalc.code.tex 2013/07/15 v3.0.0 (rcs-revision 1.9)
)
(/usr/share/texmf-dist/tex/generic/pgf/libraries/pgflibraryarrows.meta.code.tex
File: pgflibraryarrows.meta.code.tex 2013/12/13 v3.0.0 (rcs-revision 1.12)
\pgfarrowinset=\dimen188
\pgfarrowlength=\dimen189
\pgfarrowwidth=\dimen190
\pgfarrowlinewidth=\dimen191
) (/usr/share/texmf-dist/tex/latex/pgfplots/pgfplots.sty
(/usr/share/texmf-dist/tex/generic/pgfplots/pgfplots.revision.tex)
Package: pgfplots 2013/10/03 v1.9 Data Visualization (1.9)

(/usr/share/texmf-dist/tex/generic/pgfplots/pgfplots.code.tex
(/usr/share/texmf-dist/tex/generic/pgfplots/pgfplotscore.code.tex
\t@pgfplots@toka=\toks44
\t@pgfplots@tokb=\toks45
\t@pgfplots@tokc=\toks46
\pgfplots@tmpa=\dimen192
\c@pgfplots@coordindex=\count150
\c@pgfplots@scanlineindex=\count151

(/usr/share/texmf-dist/tex/generic/pgfplots/sys/pgfplotssysgeneric.code.tex))
(/usr/share/texmf-dist/tex/generic/pgfplots/libs/pgfplotslibrary.code.tex)
(/usr/share/texmf-dist/tex/generic/pgfplots/oldpgfcompatib/pgfplotsoldpgfsupp_l
oader.code.tex
(/usr/share/texmf-dist/tex/generic/pgf/libraries/pgflibraryfpu.code.tex))
(/usr/share/texmf-dist/tex/generic/pgfplots/util/pgfplotsutil.code.tex
(/usr/share/texmf-dist/tex/generic/pgfplots/liststructure/pgfplotsliststructure
.code.tex)
(/usr/share/texmf-dist/tex/generic/pgfplots/liststructure/pgfplotsliststructure
ext.code.tex)
(/usr/share/texmf-dist/tex/generic/pgfplots/liststructure/pgfplotsarray.code.te
x
\c@pgfplotsarray@tmp=\count152
)
(/usr/share/texmf-dist/tex/generic/pgfplots/liststructure/pgfplotsmatrix.code.t
ex)
(/usr/share/texmf-dist/tex/generic/pgfplots/numtable/pgfplotstableshared.code.t
ex
\c@pgfplotstable@counta=\count153
\t@pgfplotstable@a=\toks47
)
(/usr/share/texmf-dist/tex/generic/pgfplots/liststructure/pgfplotsdeque.code.te
x) (/usr/share/texmf-dist/tex/generic/pgfplots/util/pgfplotsbinary.code.tex
(/usr/share/texmf-dist/tex/generic/pgfplots/util/pgfplotsbinary.data.code.tex))
(/usr/share/texmf-dist/tex/generic/pgfplots/util/pgfplotsutil.verb.code.tex)
(/usr/share/texmf-dist/tex/generic/pgfplots/libs/pgflibrarypgfplots.surfshading
.code.tex
\c@pgfplotslibrarysurf@no=\count154

(/usr/share/texmf-dist/tex/generic/pgfplots/sys/pgflibrarypgfplots.surfshading.
pgfsys-pdftex.def)))
(/usr/share/texmf-dist/tex/generic/pgfplots/util/pgfplotscolormap.code.tex
(/usr/share/texmf-dist/tex/generic/pgfplots/util/pgfplotscolor.code.tex))
(/usr/share/texmf-dist/tex/generic/pgfplots/pgfplotsstackedplots.code.tex)
(/usr/share/texmf-dist/tex/generic/pgfplots/pgfplotsplothandlers.code.tex
(/usr/share/texmf-dist/tex/generic/pgfplots/pgfplotsmeshplothandler.code.tex))
(/usr/share/texmf-dist/tex/generic/pgfplots/pgfplots.scaling.code.tex)
(/usr/share/texmf-dist/tex/generic/pgfplots/pgfplotscoordprocessing.code.tex)
(/usr/share/texmf-dist/tex/generic/pgfplots/pgfplots.errorbars.code.tex)
(/usr/share/texmf-dist/tex/generic/pgfplots/pgfplots.markers.code.tex)
(/usr/share/texmf-dist/tex/generic/pgfplots/pgfplotsticks.code.tex)
(/usr/share/texmf-dist/tex/generic/pgfplots/pgfplots.paths.code.tex)
(/usr/share/texmf-dist/tex/generic/pgf/frontendlayer/tikz/libraries/tikzlibrary
decorations.pathmorphing.code.tex
(/usr/share/texmf-dist/tex/generic/pgf/libraries/decorations/pgflibrarydecorati
ons.pathmorphing.code.tex))
(/usr/share/texmf-dist/tex/generic/pgf/frontendlayer/tikz/libraries/tikzlibrary
decorations.pathreplacing.code.tex
(/usr/share/texmf-dist/tex/generic/pgf/libraries/decorations/pgflibrarydecorati
ons.pathreplacing.code.tex))
\pgfplots@numplots=\count155
\pgfplots@xmin@reg=\dimen193
\pgfplots@xmax@reg=\dimen194
\pgfplots@ymin@reg=\dimen195
\pgfplots@ymax@reg=\dimen196
\pgfplots@zmin@reg=\dimen197
\pgfplots@zmax@reg=\dimen198
)
(/usr/share/texmf-dist/tex/generic/pgf/frontendlayer/tikz/libraries/tikzlibrary
plotmarks.code.tex
File: tikzlibraryplotmarks.code.tex 2008/01/09 v3.0.0 (rcs-revision 1.1)

(/usr/share/texmf-dist/tex/generic/pgf/libraries/pgflibraryplotmarks.code.tex
File: pgflibraryplotmarks.code.tex 2013/07/20 v3.0.0 (rcs-revision 1.13)
))) (/usr/share/texmf-dist/tex/latex/float/float.sty
Package: float 2001/11/08 v1.3d Float enhancements (AL)
\c@float@type=\count156
\float@exts=\toks48
\float@box=\box50
\@float@everytoks=\toks49
\@floatcapt=\box51
)
(/usr/share/texmf-dist/tex/latex/mdframed/mdframed.sty
Package: mdframed 2013/07/01 1.9b: mdframed

(/usr/share/texmf-dist/tex/latex/l3packages/xparse/xparse.sty
(/usr/share/texmf-dist/tex/latex/l3kernel/expl3.sty
(/usr/share/texmf-dist/tex/latex/l3kernel/l3names.sty
(/usr/share/texmf-dist/tex/latex/l3kernel/l3bootstrap.sty
Package: l3bootstrap 2014/01/04 v4640 L3 Experimental bootstrap code
)
Package: l3names 2014/01/04 v4640 L3 Namespace for primitives
)
(/usr/share/texmf-dist/tex/latex/etex-pkg/etex.sty
Package: etex 1998/03/26 v2.0 eTeX basic definition package (PEB)
\et@xins=\count157
)
Package: expl3 2014/01/07 v4646 L3 Experimental code bundle wrapper

(/usr/share/texmf-dist/tex/latex/l3kernel/l3basics.sty
Package: l3basics 2014/01/04 v4642 L3 Basic definitions
)
(/usr/share/texmf-dist/tex/latex/l3kernel/l3expan.sty
Package: l3expan 2014/01/04 v4642 L3 Argument expansion
)
(/usr/share/texmf-dist/tex/latex/l3kernel/l3tl.sty
Package: l3tl 2013/12/27 v4625 L3 Token lists
)
(/usr/share/texmf-dist/tex/latex/l3kernel/l3seq.sty
Package: l3seq 2013/12/14 v4623 L3 Sequences and stacks
)
(/usr/share/texmf-dist/tex/latex/l3kernel/l3int.sty
Package: l3int 2013/08/02 v4583 L3 Integers
\c_max_int=\count158
\l_tmpa_int=\count159
\l_tmpb_int=\count160
\g_tmpa_int=\count161
\g_tmpb_int=\count162
)
(/usr/share/texmf-dist/tex/latex/l3kernel/l3quark.sty
Package: l3quark 2013/12/14 v4623 L3 Quarks
)
(/usr/share/texmf-dist/tex/latex/l3kernel/l3prg.sty
Package: l3prg 2014/01/04 v4642 L3 Control structures
\g__prg_map_int=\count163
)
(/usr/share/texmf-dist/tex/latex/l3kernel/l3clist.sty
Package: l3clist 2013/07/28 v4581 L3 Comma separated lists
)
(/usr/share/texmf-dist/tex/latex/l3kernel/l3token.sty
Package: l3token 2013/08/25 v4587 L3 Experimental token manipulation
)
(/usr/share/texmf-dist/tex/latex/l3kernel/l3prop.sty
Package: l3prop 2013/12/14 v4623 L3 Property lists
)
(/usr/share/texmf-dist/tex/latex/l3kernel/l3msg.sty
Package: l3msg 2013/07/28 v4581 L3 Messages
)
(/usr/share/texmf-dist/tex/latex/l3kernel/l3file.sty
Package: l3file 2013/10/13 v4596 L3 File and I/O operations
\l_iow_line_count_int=\count164
\l__iow_target_count_int=\count165
\l__iow_current_line_int=\count166
\l__iow_current_word_int=\count167
\l__iow_current_indentation_int=\count168
)
(/usr/share/texmf-dist/tex/latex/l3kernel/l3skip.sty
Package: l3skip 2013/07/28 v4581 L3 Dimensions and skips
\c_zero_dim=\dimen199
\c_max_dim=\dimen200
\l_tmpa_dim=\dimen201
Normal \dimen register pool exhausted, switching to extended pool.
\l_tmpb_dim=\dimen256
\g_tmpa_dim=\dimen257
\g_tmpb_dim=\dimen258
\c_zero_skip=\skip76
\c_max_skip=\skip77
\l_tmpa_skip=\skip78
\l_tmpb_skip=\skip79
\g_tmpa_skip=\skip80
\g_tmpb_skip=\skip81
\c_zero_muskip=\muskip12
\c_max_muskip=\muskip13
\l_tmpa_muskip=\muskip14
\l_tmpb_muskip=\muskip15
\g_tmpa_muskip=\muskip16
\g_tmpb_muskip=\muskip17
)
(/usr/share/texmf-dist/tex/latex/l3kernel/l3keys.sty
Package: l3keys 2013/12/08 v4614 L3 Experimental key-value interfaces
\g__keyval_level_int=\count169
\l_keys_choice_int=\count170
)
(/usr/share/texmf-dist/tex/latex/l3kernel/l3fp.sty
Package: l3fp 2014/01/04 v4642 L3 Floating points
\c__fp_leading_shift_int=\count171
\c__fp_middle_shift_int=\count172
\c__fp_trailing_shift_int=\count173
\c__fp_big_leading_shift_int=\count174
\c__fp_big_middle_shift_int=\count175
\c__fp_big_trailing_shift_int=\count176
\c__fp_Bigg_leading_shift_int=\count177
\c__fp_Bigg_middle_shift_int=\count178
\c__fp_Bigg_trailing_shift_int=\count179
)
(/usr/share/texmf-dist/tex/latex/l3kernel/l3box.sty
Package: l3box 2013/07/28 v4581 L3 Experimental boxes
\c_empty_box=\box52
\l_tmpa_box=\box53
\l_tmpb_box=\box54
\g_tmpa_box=\box55
\g_tmpb_box=\box56
)
(/usr/share/texmf-dist/tex/latex/l3kernel/l3coffins.sty
Package: l3coffins 2013/12/14 v4624 L3 Coffin code layer
\l__coffin_internal_box=\box57
\l__coffin_internal_dim=\dimen259
\l__coffin_offset_x_dim=\dimen260
\l__coffin_offset_y_dim=\dimen261
\l__coffin_x_dim=\dimen262
\l__coffin_y_dim=\dimen263
\l__coffin_x_prime_dim=\dimen264
\l__coffin_y_prime_dim=\dimen265
\c_empty_coffin=\box58
\l__coffin_aligned_coffin=\box59
\l__coffin_aligned_internal_coffin=\box60
\l_tmpa_coffin=\box61
\l_tmpb_coffin=\box62
\l__coffin_display_coffin=\box63
\l__coffin_display_coord_coffin=\box64
\l__coffin_display_pole_coffin=\box65
\l__coffin_display_offset_dim=\dimen266
\l__coffin_display_x_dim=\dimen267
\l__coffin_display_y_dim=\dimen268
)
(/usr/share/texmf-dist/tex/latex/l3kernel/l3color.sty
Package: l3color 2012/08/29 v4156 L3 Experimental color support
)
(/usr/share/texmf-dist/tex/latex/l3kernel/l3luatex.sty
Package: l3luatex 2013/07/28 v4581 L3 Experimental LuaTeX-specific functions
\g__cctab_allocate_int=\count180
\g__cctab_stack_int=\count181
)
(/usr/share/texmf-dist/tex/latex/l3kernel/l3candidates.sty
Package: l3candidates 2014/01/06 v4643 L3 Experimental additions to l3kernel
\l__box_top_dim=\dimen269
\l__box_bottom_dim=\dimen270
\l__box_left_dim=\dimen271
\l__box_right_dim=\dimen272
\l__box_top_new_dim=\dimen273
\l__box_bottom_new_dim=\dimen274
\l__box_left_new_dim=\dimen275
\l__box_right_new_dim=\dimen276
\l__box_internal_box=\box66
\l__coffin_bounding_shift_dim=\dimen277
\l__coffin_left_corner_dim=\dimen278
\l__coffin_right_corner_dim=\dimen279
\l__coffin_bottom_corner_dim=\dimen280
\l__coffin_top_corner_dim=\dimen281
\l__coffin_scaled_total_height_dim=\dimen282
\l__coffin_scaled_width_dim=\dimen283
))
Package: xparse 2013/12/31 v4634 L3 Experimental document command parser
\l__xparse_current_arg_int=\count182
\l__xparse_m_args_int=\count183
\l__xparse_mandatory_args_int=\count184
\l__xparse_processor_int=\count185
\l__xparse_v_nesting_int=\count186
)
(/usr/share/texmf-dist/tex/latex/etoolbox/etoolbox.sty
Package: etoolbox 2011/01/03 v2.1 e-TeX tools for LaTeX
\etb@tempcnta=\count187
)
(/usr/share/texmf-dist/tex/latex/oberdiek/zref-abspage.sty
Package: zref-abspage 2012/04/04 v2.24 Module abspage for zref (HO)

(/usr/share/texmf-dist/tex/latex/oberdiek/zref-base.sty
Package: zref-base 2012/04/04 v2.24 Module base for zref (HO)
Package zref Info: New property list: main on input line 759.
Package zref Info: New property: default on input line 760.
Package zref Info: New property: page on input line 761.
)
\c@abspage=\count188
Package zref Info: New property: abspage on input line 62.
)
(/usr/share/texmf-dist/tex/latex/needspace/needspace.sty
Package: needspace 2010/09/12 v1.3d reserve vertical space
)
\mdf@templength=\skip82
\c@mdf@globalstyle@cnt=\count189
\mdf@skipabove@length=\skip83
\mdf@skipbelow@length=\skip84
\mdf@leftmargin@length=\skip85
\mdf@rightmargin@length=\skip86
\mdf@innerleftmargin@length=\skip87
\mdf@innerrightmargin@length=\skip88
\mdf@innertopmargin@length=\skip89
\mdf@innerbottommargin@length=\skip90
\mdf@splittopskip@length=\skip91
\mdf@splitbottomskip@length=\skip92
\mdf@outermargin@length=\skip93
\mdf@innermargin@length=\skip94
\mdf@linewidth@length=\skip95
\mdf@innerlinewidth@length=\skip96
\mdf@middlelinewidth@length=\skip97
\mdf@outerlinewidth@length=\skip98
\mdf@roundcorner@length=\skip99
\mdf@footenotedistance@length=\skip100
\mdf@userdefinedwidth@length=\skip101
\mdf@needspace@length=\skip102
\mdf@frametitleaboveskip@length=\skip103
\mdf@frametitlebelowskip@length=\skip104
\mdf@frametitlerulewidth@length=\skip105
\mdf@frametitleleftmargin@length=\skip106
\mdf@frametitlerightmargin@length=\skip107
\mdf@shadowsize@length=\skip108
\mdf@extratopheight@length=\skip109
\mdf@subtitleabovelinewidth@length=\skip110
\mdf@subtitlebelowlinewidth@length=\skip111
\mdf@subtitleaboveskip@length=\skip112
\mdf@subtitlebelowskip@length=\skip113
\mdf@subtitleinneraboveskip@length=\skip114
\mdf@subtitleinnerbelowskip@length=\skip115
\mdf@subsubtitleabovelinewidth@length=\skip116
\mdf@subsubtitlebelowlinewidth@length=\skip117
\mdf@subsubtitleaboveskip@length=\skip118
\mdf@subsubtitlebelowskip@length=\skip119
\mdf@subsubtitleinneraboveskip@length=\skip120
\mdf@subsubtitleinnerbelowskip@length=\skip121

(/usr/share/texmf-dist/tex/latex/mdframed/md-frame-0.mdf
File: md-frame-0.mdf 2013/07/01\ 1.9b: md-frame-0
)
\mdf@frametitlebox=\box67
\mdf@footnotebox=\box68
\mdf@splitbox@one=\box69
\mdf@splitbox@two=\box70
\mdf@splitbox@save=\box71
\mdfsplitboxwidth=\skip122
\mdfsplitboxtotalwidth=\skip123
\mdfsplitboxheight=\skip124
\mdfsplitboxdepth=\skip125
\mdfsplitboxtotalheight=\skip126
\mdfframetitleboxwidth=\skip127
\mdfframetitleboxtotalwidth=\skip128
\mdfframetitleboxheight=\skip129
\mdfframetitleboxdepth=\skip130
\mdfframetitleboxtotalheight=\skip131
\mdffootnoteboxwidth=\skip132
\mdffootnoteboxtotalwidth=\skip133
\mdffootnoteboxheight=\skip134
\mdffootnoteboxdepth=\skip135
\mdffootnoteboxtotalheight=\skip136
\mdftotallinewidth=\skip137
\mdfboundingboxwidth=\skip138
\mdfboundingboxtotalwidth=\skip139
\mdfboundingboxheight=\skip140
\mdfboundingboxdepth=\skip141
\mdfboundingboxtotalheight=\skip142
\mdf@freevspace@length=\skip143
\mdf@horizontalwidthofbox@length=\skip144
\mdf@verticalmarginwhole@length=\skip145
\mdf@horizontalspaceofbox=\skip146
\mdfsubtitleheight=\skip147
\mdfsubsubtitleheight=\skip148
\c@mdfcountframes=\count190

****** mdframed patching \endmdf@trivlist

****** -- success******

.................................................
. LaTeX info: "xparse/define-command"
. 
. Defining document command \newmdtheoremenv with arg. spec. 'O{} m o m o ' on
. line 601.
.................................................
.................................................
. LaTeX info: "xparse/define-command"
. 
. Defining document command \mdtheorem with arg. spec. ' O{} m o m o ' on line
. 701.
.................................................
\mdf@envdepth=\count191
\c@mdf@env@i=\count192
\c@mdf@env@ii=\count193
\c@mdf@zref@counter=\count194
Package zref Info: New property: mdf@pagevalue on input line 895.
)
(/usr/share/texmf-dist/tex/latex/geometry/geometry.sty
Package: geometry 2010/09/12 v5.6 Page Geometry
\Gm@cnth=\count195
\Gm@cntv=\count196
\c@Gm@tempcnt=\count197
\Gm@bindingoffset=\dimen284
\Gm@wd@mp=\dimen285
\Gm@odd@mp=\dimen286
\Gm@even@mp=\dimen287
\Gm@layoutwidth=\dimen288
\Gm@layoutheight=\dimen289
\Gm@layouthoffset=\dimen290
\Gm@layoutvoffset=\dimen291
\Gm@dimlist=\toks50
)
(/usr/share/texmf-dist/tex/latex/fancyhdr/fancyhdr.sty
\fancy@headwidth=\skip149
\f@ncyO@elh=\skip150
\f@ncyO@erh=\skip151
\f@ncyO@olh=\skip152
\f@ncyO@orh=\skip153
\f@ncyO@elf=\skip154
\f@ncyO@erf=\skip155
\f@ncyO@olf=\skip156
\f@ncyO@orf=\skip157
)
(/usr/share/texmf-dist/tex/latex/fancyvrb/fancyvrb.sty
Package: fancyvrb 2008/02/07

Style option: `fancyvrb' v2.7a, with DG/SPQR fixes, and firstline=lastline fix 
<2008/02/07> (tvz)
\FV@CodeLineNo=\count198
\FV@InFile=\read3
\FV@TabBox=\box72
\c@FancyVerbLine=\count199
\FV@StepNumber=\count200
\FV@OutFile=\write4
) (/usr/share/texmf-dist/tex/latex/listings/listings.sty
\lst@mode=\count201
\lst@gtempboxa=\box73
\lst@token=\toks51
Normal \count register pool exhausted, switching to extended pool.
\lst@length=\count277
\lst@currlwidth=\dimen292
\lst@column=\count278
\lst@pos=\count279
\lst@lostspace=\dimen293
\lst@width=\dimen294
\lst@newlines=\count280
\lst@lineno=\count281
\lst@maxwidth=\dimen295

(/usr/share/texmf-dist/tex/latex/listings/lstmisc.sty
File: lstmisc.sty 2013/08/26 1.5b (Carsten Heinz)
\c@lstnumber=\count282
\lst@skipnumbers=\count283
\lst@framebox=\box74
)
(/usr/share/texmf-dist/tex/latex/listings/listings.cfg
File: listings.cfg 2013/08/26 1.5b listings configuration
))
Package: listings 2013/08/26 1.5b (Carsten Heinz)
Package hyperref Info: Option `colorlinks' set `true' on input line 66.
)
\c@thm=\count284
 (./normaalvormen.aux)
\openout1 = `normaalvormen.aux'.

LaTeX Font Info:    Checking defaults for OML/cmm/m/it on input line 18.
LaTeX Font Info:    ... okay on input line 18.
LaTeX Font Info:    Checking defaults for T1/cmr/m/n on input line 18.
LaTeX Font Info:    ... okay on input line 18.
LaTeX Font Info:    Checking defaults for OT1/cmr/m/n on input line 18.
LaTeX Font Info:    ... okay on input line 18.
LaTeX Font Info:    Checking defaults for OMS/cmsy/m/n on input line 18.
LaTeX Font Info:    ... okay on input line 18.
LaTeX Font Info:    Checking defaults for OMX/cmex/m/n on input line 18.
LaTeX Font Info:    ... okay on input line 18.
LaTeX Font Info:    Checking defaults for U/cmr/m/n on input line 18.
LaTeX Font Info:    ... okay on input line 18.
LaTeX Font Info:    Checking defaults for PD1/pdf/m/n on input line 18.
LaTeX Font Info:    ... okay on input line 18.
(/usr/share/texmf-dist/tex/context/base/supp-pdf.mkii
[Loading MPS to PDF converter (version 2006.09.02).]
\scratchcounter=\count285
\scratchdimen=\dimen296
\scratchbox=\box75
\nofMPsegments=\count286
\nofMParguments=\count287
\everyMPshowfont=\toks52
\MPscratchCnt=\count288
\MPscratchDim=\dimen297
\MPnumerator=\count289
\makeMPintoPDFobject=\count290
\everyMPtoPDFconversion=\toks53
) ABD: EveryShipout initializing macros
(/usr/share/texmf-dist/tex/latex/oberdiek/epstopdf-base.sty
Package: epstopdf-base 2010/02/09 v2.5 Base part for package epstopdf

(/usr/share/texmf-dist/tex/latex/oberdiek/grfext.sty
Package: grfext 2010/08/19 v1.1 Manage graphics extensions (HO)
)
Package grfext Info: Graphics extension search list:
(grfext)             [.png,.pdf,.jpg,.mps,.jpeg,.jbig2,.jb2,.PNG,.PDF,.JPG,.JPE
G,.JBIG2,.JB2,.eps]
(grfext)             \AppendGraphicsExtensions on input line 452.

(/usr/share/texmf-dist/tex/latex/latexconfig/epstopdf-sys.cfg
File: epstopdf-sys.cfg 2010/07/13 v1.3 Configuration of (r)epstopdf for TeX Liv
e
))
\AtBeginShipoutBox=\box76
Package hyperref Info: Link coloring ON on input line 18.

(/usr/share/texmf-dist/tex/latex/hyperref/nameref.sty
Package: nameref 2012/10/27 v2.43 Cross-referencing by name of section

(/usr/share/texmf-dist/tex/generic/oberdiek/gettitlestring.sty
Package: gettitlestring 2010/12/03 v1.4 Cleanup title references (HO)
)
\c@section@level=\count291
)
LaTeX Info: Redefining \ref on input line 18.
LaTeX Info: Redefining \pageref on input line 18.
LaTeX Info: Redefining \nameref on input line 18.

(./normaalvormen.out) (./normaalvormen.out)
\@outlinefile=\write5
\openout5 = `normaalvormen.out'.

Package caption Info: Begin \AtBeginDocument code.
Package caption Info: subfig package v1.3 is loaded.
Package caption Info: float package is loaded.
Package caption Info: listings package is loaded.
Package caption Info: End \AtBeginDocument code.
Package lastpage Info: Please have a look at the pageslts package at
(lastpage)             http://www.ctan.org/tex-archive/ 
(lastpage)             macros/latex/contrib/pageslts/ 
(lastpage)             or
(lastpage)             http://www.ctan.org/tex-archive/ 
(lastpage)             install/macros/latex/contrib/pageslts.tds.zip
(lastpage)             ! on input line 18.


Package pgfplots Warning: running in backwards compatibility mode (unsuitable t
ick labels; missing features). Consider writing \pgfplotsset{compat=1.9} into y
our preamble.
 on input line 18.

*geometry* driver: auto-detecting
*geometry* detected driver: pdftex
*geometry* verbose mode - [ preamble ] result:
* driver: pdftex
* paper: a4paper
* layout: <same size as paper>
* layoutoffset:(h,v)=(0.0pt,0.0pt)
* modes: 
* h-part:(L,W,R)=(56.9055pt, 483.69687pt, 56.9055pt)
* v-part:(T,H,B)=(56.9055pt, 731.23584pt, 56.9055pt)
* \paperwidth=597.50787pt
* \paperheight=845.04684pt
* \textwidth=483.69687pt
* \textheight=731.23584pt
* \oddsidemargin=-15.36449pt
* \evensidemargin=-15.36449pt
* \topmargin=-52.36449pt
* \headheight=12.0pt
* \headsep=25.0pt
* \topskip=10.0pt
* \footskip=30.0pt
* \marginparwidth=57.0pt
* \marginparsep=11.0pt
* \columnsep=10.0pt
* \skip\footins=9.0pt plus 4.0pt minus 2.0pt
* \hoffset=0.0pt
* \voffset=0.0pt
* \mag=1000
* \@twocolumnfalse
* \@twosidefalse
* \@mparswitchfalse
* \@reversemarginfalse
* (1in=72.27pt=25.4mm, 1cm=28.453pt)

\c@lstlisting=\count292
(./titelpagina.tex
LaTeX Font Info:    Try loading font information for U+msa on input line 26.
 (/usr/share/texmf-dist/tex/latex/amsfonts/umsa.fd
File: umsa.fd 2013/01/14 v3.01 AMS symbols A
)
LaTeX Font Info:    Try loading font information for U+msb on input line 26.

(/usr/share/texmf-dist/tex/latex/amsfonts/umsb.fd
File: umsb.fd 2013/01/14 v3.01 AMS symbols B
)
Package babel Info: Redefining dutch shorthand "|
(babel)             in language  on input line 37.
Package babel Info: Redefining dutch shorthand "~
(babel)             in language  on input line 37.
Package babel Info: Redefining dutch shorthand "|
(babel)             in language  on input line 37.
Package babel Info: Redefining dutch shorthand "~
(babel)             in language  on input line 37.
 [1

{/var/lib/texmf/fonts/map/pdftex/updmap/pdftex.map}]) (./voorwoord.tex
Package hyperref Info: bookmark level for unknown todo defaults to 0 on input l
ine 4.


LaTeX Warning: Marginpar on page 1 moved.

)
Package babel Info: Redefining dutch shorthand "|
(babel)             in language  on input line 22.
Package babel Info: Redefining dutch shorthand "~
(babel)             in language  on input line 22.
Package babel Info: Redefining dutch shorthand "|
(babel)             in language  on input line 22.
Package babel Info: Redefining dutch shorthand "~
(babel)             in language  on input line 22.
pdfTeX warning (ext4): destination with the same identifier (name{page.1}) has 
been already used, duplicate ignored
<to be read again> 
                   \relax 
l.22 \tableofcontents
                      [1] (./normaalvormen.toc
Overfull \hbox (9.80556pt too wide) detected at line 3
\OT1/cmr/m/n/10 Vraag 1 
 []


Overfull \hbox (9.80556pt too wide) detected at line 7
\OT1/cmr/m/n/10 Vraag 1 
 []

)
\tf@toc=\write6
\openout6 = `normaalvormen.toc'.

Package babel Info: Redefining dutch shorthand "|
(babel)             in language  on input line 24.
Package babel Info: Redefining dutch shorthand "~
(babel)             in language  on input line 24.
Package babel Info: Redefining dutch shorthand "|
(babel)             in language  on input line 24.
Package babel Info: Redefining dutch shorthand "~
(babel)             in language  on input line 24.
 [2

]
LaTeX Font Info:    Try loading font information for OMS+cmr on input line 33.
 (/usr/share/texmf-dist/tex/latex/base/omscmr.fd
File: omscmr.fd 1999/05/25 v2.5h Standard LaTeX font definitions
)
LaTeX Font Info:    Font shape `OMS/cmr/m/n' in size <10> not available
(Font)              Font shape `OMS/cmsy/m/n' tried instead on input line 33.
 (./theorie.tex
Package babel Info: Redefining dutch shorthand "|
(babel)             in language  on input line 3.
Package babel Info: Redefining dutch shorthand "~
(babel)             in language  on input line 3.
Package babel Info: Redefining dutch shorthand "|
(babel)             in language  on input line 3.
Package babel Info: Redefining dutch shorthand "~
(babel)             in language  on input line 3.
 [3]
Hoofdstuk 1.
Package babel Info: Redefining dutch shorthand "|
(babel)             in language  on input line 3.
Package babel Info: Redefining dutch shorthand "~
(babel)             in language  on input line 3.
Package babel Info: Redefining dutch shorthand "|
(babel)             in language  on input line 4.
Package babel Info: Redefining dutch shorthand "~
(babel)             in language  on input line 4.
Package babel Info: Redefining dutch shorthand "|
(babel)             in language  on input line 16.
Package babel Info: Redefining dutch shorthand "~
(babel)             in language  on input line 16.
Package mdframed Info: mdframed detected package amsthm 
 changed the theorem header of amsthm
(mdframed)              on input line 17.
Package mdframed Info: mdframed detected package amsthm 
 changed the theorem header of amsthm
(mdframed)              on input line 23.
Package babel Info: Redefining dutch shorthand "|
(babel)             in language  on input line 29.
Package babel Info: Redefining dutch shorthand "~
(babel)             in language  on input line 29.
Package babel Info: Redefining dutch shorthand "|
(babel)             in language  on input line 62.
Package babel Info: Redefining dutch shorthand "~
(babel)             in language  on input line 62.
Package babel Info: Redefining dutch shorthand "|
(babel)             in language  on input line 64.
Package babel Info: Redefining dutch shorthand "~
(babel)             in language  on input line 64.
Package babel Info: Redefining dutch shorthand "|
(babel)             in language  on input line 65.
Package babel Info: Redefining dutch shorthand "~
(babel)             in language  on input line 65.
Package babel Info: Redefining dutch shorthand "|
(babel)             in language  on input line 66.
Package babel Info: Redefining dutch shorthand "~
(babel)             in language  on input line 66.
Package babel Info: Redefining dutch shorthand "|
(babel)             in language  on input line 67.
Package babel Info: Redefining dutch shorthand "~
(babel)             in language  on input line 67.
Package babel Info: Redefining dutch shorthand "|
(babel)             in language  on input line 68.
Package babel Info: Redefining dutch shorthand "~
(babel)             in language  on input line 68.
Package babel Info: Redefining dutch shorthand "|
(babel)             in language  on input line 69.
Package babel Info: Redefining dutch shorthand "~
(babel)             in language  on input line 69.
Package babel Info: Redefining dutch shorthand "|
(babel)             in language  on input line 70.
Package babel Info: Redefining dutch shorthand "~
(babel)             in language  on input line 70.
)
Package babel Info: Redefining dutch shorthand "|
(babel)             in language  on input line 38.
Package babel Info: Redefining dutch shorthand "~
(babel)             in language  on input line 38.
Package babel Info: Redefining dutch shorthand "|
(babel)             in language  on input line 38.
Package babel Info: Redefining dutch shorthand "~
(babel)             in language  on input line 38.
 [4

]
Package babel Info: Redefining dutch shorthand "|
(babel)             in language  on input line 38.
Package babel Info: Redefining dutch shorthand "~
(babel)             in language  on input line 38.
Package babel Info: Redefining dutch shorthand "|
(babel)             in language  on input line 38.
Package babel Info: Redefining dutch shorthand "~
(babel)             in language  on input line 38.
 [5]
Hoofdstuk 2.
Package babel Info: Redefining dutch shorthand "|
(babel)             in language  on input line 38.
Package babel Info: Redefining dutch shorthand "~
(babel)             in language  on input line 38.
Package babel Info: Redefining dutch shorthand "|
(babel)             in language  on input line 41.
Package babel Info: Redefining dutch shorthand "~
(babel)             in language  on input line 41.

Package hyperref Warning: Token not allowed in a PDF string (PDFDocEncoding):
(hyperref)                removing `math shift' on input line 41.


Package hyperref Warning: Token not allowed in a PDF string (PDFDocEncoding):
(hyperref)                removing `math shift' on input line 41.


Package hyperref Warning: Token not allowed in a PDF string (PDFDocEncoding):
(hyperref)                removing `math shift' on input line 41.


Package hyperref Warning: Token not allowed in a PDF string (PDFDocEncoding):
(hyperref)                removing `math shift' on input line 41.


Package hyperref Warning: Token not allowed in a PDF string (PDFDocEncoding):
(hyperref)                removing `math shift' on input line 41.


Package hyperref Warning: Token not allowed in a PDF string (PDFDocEncoding):
(hyperref)                removing `subscript' on input line 41.


Package hyperref Warning: Token not allowed in a PDF string (PDFDocEncoding):
(hyperref)                removing `superscript' on input line 41.


Package hyperref Warning: Token not allowed in a PDF string (PDFDocEncoding):
(hyperref)                removing `math shift' on input line 41.

Package babel Info: Redefining dutch shorthand "|
(babel)             in language  on input line 42.
Package babel Info: Redefining dutch shorthand "~
(babel)             in language  on input line 42.
Package babel Info: Redefining dutch shorthand "|
(babel)             in language  on input line 44.
Package babel Info: Redefining dutch shorthand "~
(babel)             in language  on input line 44.
Package babel Info: Redefining dutch shorthand "|
(babel)             in language  on input line 46.
Package babel Info: Redefining dutch shorthand "~
(babel)             in language  on input line 46.
Package babel Info: Redefining dutch shorthand "|
(babel)             in language  on input line 46.
Package babel Info: Redefining dutch shorthand "~
(babel)             in language  on input line 46.
[6

]
Hoofdstuk 3.
Package babel Info: Redefining dutch shorthand "|
(babel)             in language  on input line 46.
Package babel Info: Redefining dutch shorthand "~
(babel)             in language  on input line 46.
Package babel Info: Redefining dutch shorthand "|
(babel)             in language  on input line 47.
Package babel Info: Redefining dutch shorthand "~
(babel)             in language  on input line 47.

Package hyperref Warning: Token not allowed in a PDF string (PDFDocEncoding):
(hyperref)                removing `math shift' on input line 47.


Package hyperref Warning: Token not allowed in a PDF string (PDFDocEncoding):
(hyperref)                removing `math shift' on input line 47.


Package hyperref Warning: Token not allowed in a PDF string (PDFDocEncoding):
(hyperref)                removing `math shift' on input line 47.


Package hyperref Warning: Token not allowed in a PDF string (PDFDocEncoding):
(hyperref)                removing `math shift' on input line 47.


Package hyperref Warning: Token not allowed in a PDF string (PDFDocEncoding):
(hyperref)                removing `math shift' on input line 47.


Package hyperref Warning: Token not allowed in a PDF string (PDFDocEncoding):
(hyperref)                removing `subscript' on input line 47.


Package hyperref Warning: Token not allowed in a PDF string (PDFDocEncoding):
(hyperref)                removing `superscript' on input line 47.


Package hyperref Warning: Token not allowed in a PDF string (PDFDocEncoding):
(hyperref)                removing `math shift' on input line 47.

Package babel Info: Redefining dutch shorthand "|
(babel)             in language  on input line 48.
Package babel Info: Redefining dutch shorthand "~
(babel)             in language  on input line 48.
Package babel Info: Redefining dutch shorthand "|
(babel)             in language  on input line 63.
Package babel Info: Redefining dutch shorthand "~
(babel)             in language  on input line 63.

AED: lastpage setting LastPage
Package babel Info: Redefining dutch shorthand "|
(babel)             in language  on input line 68.
Package babel Info: Redefining dutch shorthand "~
(babel)             in language  on input line 68.
Package babel Info: Redefining dutch shorthand "|
(babel)             in language  on input line 68.
Package babel Info: Redefining dutch shorthand "~
(babel)             in language  on input line 68.
[7

]
Package babel Info: Redefining dutch shorthand "|
(babel)             in language  on input line 68.
Package babel Info: Redefining dutch shorthand "~
(babel)             in language  on input line 68.
Package atveryend Info: Empty hook `BeforeClearDocument' on input line 68.
Package atveryend Info: Empty hook `AfterLastShipout' on input line 68.
 (./normaalvormen.aux)
Package atveryend Info: Executing hook `AtVeryEndDocument' on input line 68.
Package atveryend Info: Executing hook `AtEndAfterFileList' on input line 68.


Package rerunfilecheck Warning: File `normaalvormen.out' has changed.
(rerunfilecheck)                Rerun to get outlines right
(rerunfilecheck)                or use package `bookmark'.

Package rerunfilecheck Info: Checksums for `normaalvormen.out':
(rerunfilecheck)             Before: 8781FB872C080FBB315C169F0FC4AEE0;494
(rerunfilecheck)             After:  FE40D102E78CF040D50D1502B37315CF;1326.

LaTeX Warning: Label(s) may have changed. Rerun to get cross-references right.

Package atveryend Info: Empty hook `AtVeryVeryEnd' on input line 68.
 ) 
Here is how much of TeX's memory you used:
 37177 strings out of 493308
 808448 string characters out of 6143616
 983498 words of memory out of 5000000
 39970 multiletter control sequences out of 15000+600000
 10566 words of font info for 40 fonts, out of 8000000 for 9000
 957 hyphenation exceptions out of 8191
 70i,9n,98p,10444b,845s stack positions out of 5000i,500n,10000p,200000b,80000s
pdfTeX warning (dest): name{subsection.1.1.2} has been referenced but does no
t exist, replaced by a fixed one

pdfTeX warning (dest): name{subsection.1.1.1} has been referenced but does not 
exist, replaced by a fixed one

</usr/share/texmf-dist/fonts/type1/public/amsfonts/cm/cmbx10.pfb></usr/share/te
xmf-dist/fonts/type1/public/amsfonts/cm/cmbx12.pfb></usr/share/texmf-dist/fonts
/type1/public/amsfonts/cm/cmcsc10.pfb></usr/share/texmf-dist/fonts/type1/public
/amsfonts/cm/cmmi10.pfb></usr/share/texmf-dist/fonts/type1/public/amsfonts/cm/c
mmi12.pfb></usr/share/texmf-dist/fonts/type1/public/amsfonts/cm/cmmi7.pfb></usr
/share/texmf-dist/fonts/type1/public/amsfonts/cm/cmr10.pfb></usr/share/texmf-di
st/fonts/type1/public/amsfonts/cm/cmr12.pfb></usr/share/texmf-dist/fonts/type1/
public/amsfonts/cm/cmr7.pfb></usr/share/texmf-dist/fonts/type1/public/amsfonts/
cm/cmsy10.pfb></usr/share/texmf-dist/fonts/type1/public/amsfonts/cm/cmti12.pfb>
Output written on normaalvormen.pdf (8 pages, 134511 bytes).
PDF statistics:
 170 PDF objects out of 1000 (max. 8388607)
 147 compressed objects within 2 object streams
 45 named destinations out of 1000 (max. 500000)
 77 words of extra memory for PDF output out of 10000 (max. 10000000)

