This is pdfTeX, Version 3.1415926-2.5-1.40.14 (TeX Live 2013/Arch Linux) (format=pdflatex 2014.3.13)  2 JUN 2014 15:40
entering extended mode
 restricted \write18 enabled.
 %&-line parsing enabled.
**titelpagina.tex
(./titelpagina.tex
LaTeX2e <2011/06/27>
Babel <3.9h> and hyphenation patterns for 78 languages loaded.

! LaTeX Error: Environment titlepage undefined.

See the LaTeX manual or LaTeX Companion for explanation.
Type  H <return>  for immediate help.
 ...                                              
                                                  
l.1 \begin{titlepage}
                     
Your command was ignored.
Type  I <command> <return>  to replace it with another command,
or  <return>  to continue without it.


! LaTeX Error: Missing \begin{document}.

See the LaTeX manual or LaTeX Companion for explanation.
Type  H <return>  for immediate help.
 ...                                              
                                                  
l.4 \center
           
You're in trouble here.  Try typing  <return>  to proceed.
If that doesn't work, type  X <return>  to quit.


Overfull \hbox (20.0pt too wide) in paragraph at lines 4--4
[] 
 []

! Undefined control sequence.
<recently read> \LARGE 
                       
l.5 \textsc{\LARGE KU Leuven}
                             \\[1.5cm]
The control sequence at the end of the top line
of your error message was never \def'ed. If you have
misspelled it (e.g., `\hobx'), type `I' and the correct
spelling (e.g., `I\hbox'). Otherwise just continue,
and I'll forget about whatever was undefined.


Overfull \hbox (16.56929pt too wide) in paragraph at lines 5--5
 \OT1/cmr/m/sc/10 KU 
 []


Overfull \hbox (22.32207pt too wide) in paragraph at lines 5--5
 \OT1/cmr/m/sc/10 Leu- 
 []


Overfull \hbox (17.84438pt too wide) in paragraph at lines 5--5
 \OT1/cmr/m/sc/10 ven 
 []

! Undefined control sequence.
l.9 { \Huge
            \bfseries Computergestuurd ontwerp van curven en vlakken}\\[0.4cm]
The control sequence at the end of the top line
of your error message was never \def'ed. If you have
misspelled it (e.g., `\hobx'), type `I' and the correct
spelling (e.g., `I\hbox'). Otherwise just continue,
and I'll forget about whatever was undefined.


Overfull \hbox (94.8273pt too wide) in paragraph at lines 9--9
 []\OT1/cmr/bx/n/10 Computergestuurd 
 []


Overfull \hbox (15.97214pt too wide) in paragraph at lines 9--9
 \OT1/cmr/bx/n/10 on- 
 []


Overfull \hbox (28.53459pt too wide) in paragraph at lines 9--9
 \OT1/cmr/bx/n/10 twerp 
 []


Overfull \hbox (17.4096pt too wide) in paragraph at lines 9--9
 \OT1/cmr/bx/n/10 van 
 []


Overfull \hbox (20.06935pt too wide) in paragraph at lines 9--9
 \OT1/cmr/bx/n/10 cur- 
 []


Overfull \hbox (17.40964pt too wide) in paragraph at lines 9--9
 \OT1/cmr/bx/n/10 ven 
 []


Overfull \hbox (11.65967pt too wide) in paragraph at lines 9--9
 \OT1/cmr/bx/n/10 en 
 []


Overfull \hbox (38.33311pt too wide) in paragraph at lines 9--9
 \OT1/cmr/bx/n/10 vlakken 
 []

! Undefined control sequence.
<recently read> \large 
                       
l.11 ...n de meetkunde in de informatica [G0Q37C]}
                                                  \\[0.5cm]
The control sequence at the end of the top line
of your error message was never \def'ed. If you have
misspelled it (e.g., `\hobx'), type `I' and the correct
spelling (e.g., `I\hbox'). Otherwise just continue,
and I'll forget about whatever was undefined.


Overfull \hbox (67.27185pt too wide) in paragraph at lines 11--11
 []\OT1/cmr/m/sc/10 Toepassingen 
 []


Overfull \hbox (17.51106pt too wide) in paragraph at lines 11--11
 \OT1/cmr/m/sc/10 van 
 []


Overfull \hbox (11.82217pt too wide) in paragraph at lines 11--11
 \OT1/cmr/m/sc/10 de 
 []


Overfull \hbox (54.97752pt too wide) in paragraph at lines 11--11
 \OT1/cmr/m/sc/10 meetkunde 
 []


Overfull \hbox (9.15552pt too wide) in paragraph at lines 11--11
 \OT1/cmr/m/sc/10 in 
 []


Overfull \hbox (11.82217pt too wide) in paragraph at lines 11--11
 \OT1/cmr/m/sc/10 de 
 []


Overfull \hbox (12.93326pt too wide) in paragraph at lines 11--11
 \OT1/cmr/m/sc/10 in- 
 []


Overfull \hbox (21.28879pt too wide) in paragraph at lines 11--11
 \OT1/cmr/m/sc/10 for- 
 []


Overfull \hbox (22.62207pt too wide) in paragraph at lines 11--11
 \OT1/cmr/m/sc/10 mat- 
 []


Overfull \hbox (15.06659pt too wide) in paragraph at lines 11--11
 \OT1/cmr/m/sc/10 ica 
 []


Overfull \hbox (47.79118pt too wide) in paragraph at lines 11--11
 \OT1/cmr/m/sc/10 [G0Q37C] 
 []


! LaTeX Error: Environment Large undefined.

See the LaTeX manual or LaTeX Companion for explanation.
Type  H <return>  for immediate help.
 ...                                              
                                                  
l.15 \begin{Large}
                  
Your command was ignored.
Type  I <command> <return>  to replace it with another command,
or  <return>  to continue without it.

Missing character: There is no G in font nullfont!
Missing character: There is no e in font nullfont!
Missing character: There is no s in font nullfont!
Missing character: There is no t in font nullfont!
Missing character: There is no a in font nullfont!
Missing character: There is no r in font nullfont!
Missing character: There is no t in font nullfont!
Missing character: There is no : in font nullfont!
Missing character: There is no 2 in font nullfont!
Missing character: There is no 1 in font nullfont!
Missing character: There is no f in font nullfont!
Missing character: There is no e in font nullfont!
Missing character: There is no b in font nullfont!
Missing character: There is no r in font nullfont!
Missing character: There is no u in font nullfont!
Missing character: There is no a in font nullfont!
Missing character: There is no r in font nullfont!
Missing character: There is no i in font nullfont!
Missing character: There is no 2 in font nullfont!
Missing character: There is no 0 in font nullfont!
Missing character: There is no 1 in font nullfont!
Missing character: There is no 4 in font nullfont!
Missing character: There is no C in font nullfont!
Missing character: There is no e in font nullfont!
Missing character: There is no c in font nullfont!
Missing character: There is no o in font nullfont!
Missing character: There is no m in font nullfont!
Missing character: There is no p in font nullfont!
Missing character: There is no i in font nullfont!
Missing character: There is no l in font nullfont!
Missing character: There is no e in font nullfont!
Missing character: There is no e in font nullfont!
Missing character: There is no r in font nullfont!
Missing character: There is no d in font nullfont!
Missing character: There is no : in font nullfont!
! Undefined control sequence.
l.17 Cecompileerd: \today
                         \\
The control sequence at the end of the top line
of your error message was never \def'ed. If you have
misspelled it (e.g., `\hobx'), type `I' and the correct
spelling (e.g., `I\hbox'). Otherwise just continue,
and I'll forget about whatever was undefined.


! LaTeX Error: \begin{document} ended by \end{Large}.

See the LaTeX manual or LaTeX Companion for explanation.
Type  H <return>  for immediate help.
 ...                                              
                                                  
l.18 \end{Large}
                
Your command was ignored.
Type  I <command> <return>  to replace it with another command,
or  <return>  to continue without it.

! Undefined control sequence.
l.22 \begin{flushleft} \large
                             
The control sequence at the end of the top line
of your error message was never \def'ed. If you have
misspelled it (e.g., `\hobx'), type `I' and the correct
spelling (e.g., `I\hbox'). Otherwise just continue,
and I'll forget about whatever was undefined.

Missing character: There is no T in font nullfont!
Missing character: There is no o in font nullfont!
Missing character: There is no m in font nullfont!
Missing character: There is no S in font nullfont!
Missing character: There is no y in font nullfont!
Missing character: There is no d in font nullfont!
Missing character: There is no n in font nullfont!
Missing character: There is no e in font nullfont!
Missing character: There is no y in font nullfont!
LaTeX Font Info:    External font `cmex10' loaded for size
(Font)              <7> on input line 26.
LaTeX Font Info:    External font `cmex10' loaded for size
(Font)              <5> on input line 26.
! Undefined control sequence.
l.29 \begin{flushright} \large
                              
The control sequence at the end of the top line
of your error message was never \def'ed. If you have
misspelled it (e.g., `\hobx'), type `I' and the correct
spelling (e.g., `I\hbox'). Otherwise just continue,
and I'll forget about whatever was undefined.

Missing character: There is no P in font nullfont!
Missing character: There is no r in font nullfont!
Missing character: There is no o in font nullfont!
Missing character: There is no f in font nullfont!
Missing character: There is no . in font nullfont!
Missing character: There is no D in font nullfont!
Missing character: There is no r in font nullfont!
Missing character: There is no . in font nullfont!
Missing character: There is no I in font nullfont!
Missing character: There is no r in font nullfont!
Missing character: There is no . in font nullfont!
Missing character: There is no D in font nullfont!
Missing character: There is no i in font nullfont!
Missing character: There is no r in font nullfont!
Missing character: There is no k in font nullfont!

Overfull \hbox (3276.74998pt too wide) in paragraph at lines 21--33
 []$[]$ 
 []


Overfull \hbox (3276.74998pt too wide) in paragraph at lines 21--33
 []$ 
 []


! LaTeX Error: \begin{document} ended by \end{titlepage}.

See the LaTeX manual or LaTeX Companion for explanation.
Type  H <return>  for immediate help.
 ...                                              
                                                  
l.37 \end{titlepage}
                    
Your command was ignored.
Type  I <command> <return>  to replace it with another command,
or  <return>  to continue without it.

)
! Emergency stop.
<*> titelpagina.tex
                   
*** (job aborted, no legal \end found)

 
Here is how much of TeX's memory you used:
 21 strings out of 493308
 298 string characters out of 6143616
 53419 words of memory out of 5000000
 3577 multiletter control sequences out of 15000+600000
 4595 words of font info for 17 fonts, out of 8000000 for 9000
 957 hyphenation exceptions out of 8191
 20i,3n,18p,115b,215s stack positions out of 5000i,500n,10000p,200000b,80000s
!  ==> Fatal error occurred, no output PDF file produced!
